Determining if the pthread_create exist failed with the following output:
Change Dir: /home/nishanth/TurtleStuff/turtle_drive/build/qtros/CMakeFiles/CMakeTmp

Run Build Command:"/usr/bin/make" "cmTC_73aa6/fast"
/usr/bin/make -f CMakeFiles/cmTC_73aa6.dir/build.make CMakeFiles/cmTC_73aa6.dir/build
make[1]: Entering directory '/home/nishanth/TurtleStuff/turtle_drive/build/qtros/CMakeFiles/CMakeTmp'
Building C object CMakeFiles/cmTC_73aa6.dir/CheckSymbolExists.c.o
/usr/bin/cc     -o CMakeFiles/cmTC_73aa6.dir/CheckSymbolExists.c.o   -c /home/nishanth/TurtleStuff/turtle_drive/build/qtros/CMakeFiles/CMakeTmp/CheckSymbolExists.c
Linking C executable cmTC_73aa6
/usr/bin/cmake -E cmake_link_script CMakeFiles/cmTC_73aa6.dir/link.txt --verbose=1
/usr/bin/cc       CMakeFiles/cmTC_73aa6.dir/CheckSymbolExists.c.o  -o cmTC_73aa6 -rdynamic 
CMakeFiles/cmTC_73aa6.dir/CheckSymbolExists.c.o: In function `main':
CheckSymbolExists.c:(.text+0x16): undefined reference to `pthread_create'
collect2: error: ld returned 1 exit status
CMakeFiles/cmTC_73aa6.dir/build.make:97: recipe for target 'cmTC_73aa6' failed
make[1]: *** [cmTC_73aa6] Error 1
make[1]: Leaving directory '/home/nishanth/TurtleStuff/turtle_drive/build/qtros/CMakeFiles/CMakeTmp'
Makefile:126: recipe for target 'cmTC_73aa6/fast' failed
make: *** [cmTC_73aa6/fast] Error 2

File /home/nishanth/TurtleStuff/turtle_drive/build/qtros/CMakeFiles/CMakeTmp/CheckSymbolExists.c:
/* */
#include <pthread.h>

int main(int argc, char** argv)
{
  (void)argv;
#ifndef pthread_create
  return ((int*)(&pthread_create))[argc];
#else
  (void)argc;
  return 0;
#endif
}

Determining if the function pthread_create exists in the pthreads failed with the following output:
Change Dir: /home/nishanth/TurtleStuff/turtle_drive/build/qtros/CMakeFiles/CMakeTmp

Run Build Command:"/usr/bin/make" "cmTC_3d906/fast"
/usr/bin/make -f CMakeFiles/cmTC_3d906.dir/build.make CMakeFiles/cmTC_3d906.dir/build
make[1]: Entering directory '/home/nishanth/TurtleStuff/turtle_drive/build/qtros/CMakeFiles/CMakeTmp'
Building C object CMakeFiles/cmTC_3d906.dir/CheckFunctionExists.c.o
/usr/bin/cc    -DCHECK_FUNCTION_EXISTS=pthread_create   -o CMakeFiles/cmTC_3d906.dir/CheckFunctionExists.c.o   -c /usr/share/cmake-3.5/Modules/CheckFunctionExists.c
Linking C executable cmTC_3d906
/usr/bin/cmake -E cmake_link_script CMakeFiles/cmTC_3d906.dir/link.txt --verbose=1
/usr/bin/cc   -DCHECK_FUNCTION_EXISTS=pthread_create    CMakeFiles/cmTC_3d906.dir/CheckFunctionExists.c.o  -o cmTC_3d906 -rdynamic -lpthreads 
/usr/bin/ld: cannot find -lpthreads
collect2: error: ld returned 1 exit status
CMakeFiles/cmTC_3d906.dir/build.make:97: recipe for target 'cmTC_3d906' failed
make[1]: *** [cmTC_3d906] Error 1
make[1]: Leaving directory '/home/nishanth/TurtleStuff/turtle_drive/build/qtros/CMakeFiles/CMakeTmp'
Makefile:126: recipe for target 'cmTC_3d906/fast' failed
make: *** [cmTC_3d906/fast] Error 2


Determining if the Q_WS_WIN exist failed with the following output:
Change Dir: /home/nishanth/TurtleStuff/turtle_drive/build/qtros/CMakeFiles/CMakeTmp

Run Build Command:"/usr/bin/make" "cmTC_e1fe8/fast"
/usr/bin/make -f CMakeFiles/cmTC_e1fe8.dir/build.make CMakeFiles/cmTC_e1fe8.dir/build
make[1]: Entering directory '/home/nishanth/TurtleStuff/turtle_drive/build/qtros/CMakeFiles/CMakeTmp'
Building CXX object CMakeFiles/cmTC_e1fe8.dir/CheckSymbolExists.cxx.o
/usr/bin/c++    -I/usr/include/qt4   -o CMakeFiles/cmTC_e1fe8.dir/CheckSymbolExists.cxx.o -c /home/nishanth/TurtleStuff/turtle_drive/build/qtros/CMakeFiles/CMakeTmp/CheckSymbolExists.cxx
/home/nishanth/TurtleStuff/turtle_drive/build/qtros/CMakeFiles/CMakeTmp/CheckSymbolExists.cxx: In function ‘int main(int, char**)’:
/home/nishanth/TurtleStuff/turtle_drive/build/qtros/CMakeFiles/CMakeTmp/CheckSymbolExists.cxx:8:19: error: ‘Q_WS_WIN’ was not declared in this scope
   return ((int*)(&Q_WS_WIN))[argc];
                   ^
CMakeFiles/cmTC_e1fe8.dir/build.make:65: recipe for target 'CMakeFiles/cmTC_e1fe8.dir/CheckSymbolExists.cxx.o' failed
make[1]: *** [CMakeFiles/cmTC_e1fe8.dir/CheckSymbolExists.cxx.o] Error 1
make[1]: Leaving directory '/home/nishanth/TurtleStuff/turtle_drive/build/qtros/CMakeFiles/CMakeTmp'
Makefile:126: recipe for target 'cmTC_e1fe8/fast' failed
make: *** [cmTC_e1fe8/fast] Error 2

File /home/nishanth/TurtleStuff/turtle_drive/build/qtros/CMakeFiles/CMakeTmp/CheckSymbolExists.cxx:
/* */
#include <QtCore/qglobal.h>

int main(int argc, char** argv)
{
  (void)argv;
#ifndef Q_WS_WIN
  return ((int*)(&Q_WS_WIN))[argc];
#else
  (void)argc;
  return 0;
#endif
}

Determining if the Q_WS_QWS exist failed with the following output:
Change Dir: /home/nishanth/TurtleStuff/turtle_drive/build/qtros/CMakeFiles/CMakeTmp

Run Build Command:"/usr/bin/make" "cmTC_dda63/fast"
/usr/bin/make -f CMakeFiles/cmTC_dda63.dir/build.make CMakeFiles/cmTC_dda63.dir/build
make[1]: Entering directory '/home/nishanth/TurtleStuff/turtle_drive/build/qtros/CMakeFiles/CMakeTmp'
Building CXX object CMakeFiles/cmTC_dda63.dir/CheckSymbolExists.cxx.o
/usr/bin/c++    -I/usr/include/qt4   -o CMakeFiles/cmTC_dda63.dir/CheckSymbolExists.cxx.o -c /home/nishanth/TurtleStuff/turtle_drive/build/qtros/CMakeFiles/CMakeTmp/CheckSymbolExists.cxx
/home/nishanth/TurtleStuff/turtle_drive/build/qtros/CMakeFiles/CMakeTmp/CheckSymbolExists.cxx: In function ‘int main(int, char**)’:
/home/nishanth/TurtleStuff/turtle_drive/build/qtros/CMakeFiles/CMakeTmp/CheckSymbolExists.cxx:8:19: error: ‘Q_WS_QWS’ was not declared in this scope
   return ((int*)(&Q_WS_QWS))[argc];
                   ^
CMakeFiles/cmTC_dda63.dir/build.make:65: recipe for target 'CMakeFiles/cmTC_dda63.dir/CheckSymbolExists.cxx.o' failed
make[1]: *** [CMakeFiles/cmTC_dda63.dir/CheckSymbolExists.cxx.o] Error 1
make[1]: Leaving directory '/home/nishanth/TurtleStuff/turtle_drive/build/qtros/CMakeFiles/CMakeTmp'
Makefile:126: recipe for target 'cmTC_dda63/fast' failed
make: *** [cmTC_dda63/fast] Error 2

File /home/nishanth/TurtleStuff/turtle_drive/build/qtros/CMakeFiles/CMakeTmp/CheckSymbolExists.cxx:
/* */
#include <QtCore/qglobal.h>

int main(int argc, char** argv)
{
  (void)argv;
#ifndef Q_WS_QWS
  return ((int*)(&Q_WS_QWS))[argc];
#else
  (void)argc;
  return 0;
#endif
}

Determining if the Q_WS_MAC exist failed with the following output:
Change Dir: /home/nishanth/TurtleStuff/turtle_drive/build/qtros/CMakeFiles/CMakeTmp

Run Build Command:"/usr/bin/make" "cmTC_12960/fast"
/usr/bin/make -f CMakeFiles/cmTC_12960.dir/build.make CMakeFiles/cmTC_12960.dir/build
make[1]: Entering directory '/home/nishanth/TurtleStuff/turtle_drive/build/qtros/CMakeFiles/CMakeTmp'
Building CXX object CMakeFiles/cmTC_12960.dir/CheckSymbolExists.cxx.o
/usr/bin/c++    -I/usr/include/qt4   -o CMakeFiles/cmTC_12960.dir/CheckSymbolExists.cxx.o -c /home/nishanth/TurtleStuff/turtle_drive/build/qtros/CMakeFiles/CMakeTmp/CheckSymbolExists.cxx
/home/nishanth/TurtleStuff/turtle_drive/build/qtros/CMakeFiles/CMakeTmp/CheckSymbolExists.cxx: In function ‘int main(int, char**)’:
/home/nishanth/TurtleStuff/turtle_drive/build/qtros/CMakeFiles/CMakeTmp/CheckSymbolExists.cxx:8:19: error: ‘Q_WS_MAC’ was not declared in this scope
   return ((int*)(&Q_WS_MAC))[argc];
                   ^
CMakeFiles/cmTC_12960.dir/build.make:65: recipe for target 'CMakeFiles/cmTC_12960.dir/CheckSymbolExists.cxx.o' failed
make[1]: *** [CMakeFiles/cmTC_12960.dir/CheckSymbolExists.cxx.o] Error 1
make[1]: Leaving directory '/home/nishanth/TurtleStuff/turtle_drive/build/qtros/CMakeFiles/CMakeTmp'
Makefile:126: recipe for target 'cmTC_12960/fast' failed
make: *** [cmTC_12960/fast] Error 2

File /home/nishanth/TurtleStuff/turtle_drive/build/qtros/CMakeFiles/CMakeTmp/CheckSymbolExists.cxx:
/* */
#include <QtCore/qglobal.h>

int main(int argc, char** argv)
{
  (void)argv;
#ifndef Q_WS_MAC
  return ((int*)(&Q_WS_MAC))[argc];
#else
  (void)argc;
  return 0;
#endif
}

