Determining if the pthread_create exist failed with the following output:
Change Dir: /home/nishanth/TurtleStuff/turtle_drive/build_isolated/qtros/CMakeFiles/CMakeTmp

Run Build Command:"/usr/bin/make" "cmTC_5df55/fast"
/usr/bin/make -f CMakeFiles/cmTC_5df55.dir/build.make CMakeFiles/cmTC_5df55.dir/build
make[1]: Entering directory '/home/nishanth/TurtleStuff/turtle_drive/build_isolated/qtros/CMakeFiles/CMakeTmp'
Building C object CMakeFiles/cmTC_5df55.dir/CheckSymbolExists.c.o
/usr/bin/cc     -o CMakeFiles/cmTC_5df55.dir/CheckSymbolExists.c.o   -c /home/nishanth/TurtleStuff/turtle_drive/build_isolated/qtros/CMakeFiles/CMakeTmp/CheckSymbolExists.c
Linking C executable cmTC_5df55
/usr/bin/cmake -E cmake_link_script CMakeFiles/cmTC_5df55.dir/link.txt --verbose=1
/usr/bin/cc       CMakeFiles/cmTC_5df55.dir/CheckSymbolExists.c.o  -o cmTC_5df55 -rdynamic 
CMakeFiles/cmTC_5df55.dir/CheckSymbolExists.c.o: In function `main':
CheckSymbolExists.c:(.text+0x16): undefined reference to `pthread_create'
collect2: error: ld returned 1 exit status
CMakeFiles/cmTC_5df55.dir/build.make:97: recipe for target 'cmTC_5df55' failed
make[1]: *** [cmTC_5df55] Error 1
make[1]: Leaving directory '/home/nishanth/TurtleStuff/turtle_drive/build_isolated/qtros/CMakeFiles/CMakeTmp'
Makefile:126: recipe for target 'cmTC_5df55/fast' failed
make: *** [cmTC_5df55/fast] Error 2

File /home/nishanth/TurtleStuff/turtle_drive/build_isolated/qtros/CMakeFiles/CMakeTmp/CheckSymbolExists.c:
/* */
#include <pthread.h>

int main(int argc, char** argv)
{
  (void)argv;
#ifndef pthread_create
  return ((int*)(&pthread_create))[argc];
#else
  (void)argc;
  return 0;
#endif
}

Determining if the function pthread_create exists in the pthreads failed with the following output:
Change Dir: /home/nishanth/TurtleStuff/turtle_drive/build_isolated/qtros/CMakeFiles/CMakeTmp

Run Build Command:"/usr/bin/make" "cmTC_3dd54/fast"
/usr/bin/make -f CMakeFiles/cmTC_3dd54.dir/build.make CMakeFiles/cmTC_3dd54.dir/build
make[1]: Entering directory '/home/nishanth/TurtleStuff/turtle_drive/build_isolated/qtros/CMakeFiles/CMakeTmp'
Building C object CMakeFiles/cmTC_3dd54.dir/CheckFunctionExists.c.o
/usr/bin/cc    -DCHECK_FUNCTION_EXISTS=pthread_create   -o CMakeFiles/cmTC_3dd54.dir/CheckFunctionExists.c.o   -c /usr/share/cmake-3.5/Modules/CheckFunctionExists.c
Linking C executable cmTC_3dd54
/usr/bin/cmake -E cmake_link_script CMakeFiles/cmTC_3dd54.dir/link.txt --verbose=1
/usr/bin/cc   -DCHECK_FUNCTION_EXISTS=pthread_create    CMakeFiles/cmTC_3dd54.dir/CheckFunctionExists.c.o  -o cmTC_3dd54 -rdynamic -lpthreads 
/usr/bin/ld: cannot find -lpthreads
collect2: error: ld returned 1 exit status
CMakeFiles/cmTC_3dd54.dir/build.make:97: recipe for target 'cmTC_3dd54' failed
make[1]: *** [cmTC_3dd54] Error 1
make[1]: Leaving directory '/home/nishanth/TurtleStuff/turtle_drive/build_isolated/qtros/CMakeFiles/CMakeTmp'
Makefile:126: recipe for target 'cmTC_3dd54/fast' failed
make: *** [cmTC_3dd54/fast] Error 2


Determining if the Q_WS_WIN exist failed with the following output:
Change Dir: /home/nishanth/TurtleStuff/turtle_drive/build_isolated/qtros/CMakeFiles/CMakeTmp

Run Build Command:"/usr/bin/make" "cmTC_c6594/fast"
/usr/bin/make -f CMakeFiles/cmTC_c6594.dir/build.make CMakeFiles/cmTC_c6594.dir/build
make[1]: Entering directory '/home/nishanth/TurtleStuff/turtle_drive/build_isolated/qtros/CMakeFiles/CMakeTmp'
Building CXX object CMakeFiles/cmTC_c6594.dir/CheckSymbolExists.cxx.o
/usr/bin/c++    -I/usr/include/qt4   -o CMakeFiles/cmTC_c6594.dir/CheckSymbolExists.cxx.o -c /home/nishanth/TurtleStuff/turtle_drive/build_isolated/qtros/CMakeFiles/CMakeTmp/CheckSymbolExists.cxx
/home/nishanth/TurtleStuff/turtle_drive/build_isolated/qtros/CMakeFiles/CMakeTmp/CheckSymbolExists.cxx: In function ‘int main(int, char**)’:
/home/nishanth/TurtleStuff/turtle_drive/build_isolated/qtros/CMakeFiles/CMakeTmp/CheckSymbolExists.cxx:8:19: error: ‘Q_WS_WIN’ was not declared in this scope
   return ((int*)(&Q_WS_WIN))[argc];
                   ^
CMakeFiles/cmTC_c6594.dir/build.make:65: recipe for target 'CMakeFiles/cmTC_c6594.dir/CheckSymbolExists.cxx.o' failed
make[1]: *** [CMakeFiles/cmTC_c6594.dir/CheckSymbolExists.cxx.o] Error 1
make[1]: Leaving directory '/home/nishanth/TurtleStuff/turtle_drive/build_isolated/qtros/CMakeFiles/CMakeTmp'
Makefile:126: recipe for target 'cmTC_c6594/fast' failed
make: *** [cmTC_c6594/fast] Error 2

File /home/nishanth/TurtleStuff/turtle_drive/build_isolated/qtros/CMakeFiles/CMakeTmp/CheckSymbolExists.cxx:
/* */
#include <QtCore/qglobal.h>

int main(int argc, char** argv)
{
  (void)argv;
#ifndef Q_WS_WIN
  return ((int*)(&Q_WS_WIN))[argc];
#else
  (void)argc;
  return 0;
#endif
}

Determining if the Q_WS_QWS exist failed with the following output:
Change Dir: /home/nishanth/TurtleStuff/turtle_drive/build_isolated/qtros/CMakeFiles/CMakeTmp

Run Build Command:"/usr/bin/make" "cmTC_4702f/fast"
/usr/bin/make -f CMakeFiles/cmTC_4702f.dir/build.make CMakeFiles/cmTC_4702f.dir/build
make[1]: Entering directory '/home/nishanth/TurtleStuff/turtle_drive/build_isolated/qtros/CMakeFiles/CMakeTmp'
Building CXX object CMakeFiles/cmTC_4702f.dir/CheckSymbolExists.cxx.o
/usr/bin/c++    -I/usr/include/qt4   -o CMakeFiles/cmTC_4702f.dir/CheckSymbolExists.cxx.o -c /home/nishanth/TurtleStuff/turtle_drive/build_isolated/qtros/CMakeFiles/CMakeTmp/CheckSymbolExists.cxx
/home/nishanth/TurtleStuff/turtle_drive/build_isolated/qtros/CMakeFiles/CMakeTmp/CheckSymbolExists.cxx: In function ‘int main(int, char**)’:
/home/nishanth/TurtleStuff/turtle_drive/build_isolated/qtros/CMakeFiles/CMakeTmp/CheckSymbolExists.cxx:8:19: error: ‘Q_WS_QWS’ was not declared in this scope
   return ((int*)(&Q_WS_QWS))[argc];
                   ^
CMakeFiles/cmTC_4702f.dir/build.make:65: recipe for target 'CMakeFiles/cmTC_4702f.dir/CheckSymbolExists.cxx.o' failed
make[1]: *** [CMakeFiles/cmTC_4702f.dir/CheckSymbolExists.cxx.o] Error 1
make[1]: Leaving directory '/home/nishanth/TurtleStuff/turtle_drive/build_isolated/qtros/CMakeFiles/CMakeTmp'
Makefile:126: recipe for target 'cmTC_4702f/fast' failed
make: *** [cmTC_4702f/fast] Error 2

File /home/nishanth/TurtleStuff/turtle_drive/build_isolated/qtros/CMakeFiles/CMakeTmp/CheckSymbolExists.cxx:
/* */
#include <QtCore/qglobal.h>

int main(int argc, char** argv)
{
  (void)argv;
#ifndef Q_WS_QWS
  return ((int*)(&Q_WS_QWS))[argc];
#else
  (void)argc;
  return 0;
#endif
}

Determining if the Q_WS_MAC exist failed with the following output:
Change Dir: /home/nishanth/TurtleStuff/turtle_drive/build_isolated/qtros/CMakeFiles/CMakeTmp

Run Build Command:"/usr/bin/make" "cmTC_57f25/fast"
/usr/bin/make -f CMakeFiles/cmTC_57f25.dir/build.make CMakeFiles/cmTC_57f25.dir/build
make[1]: Entering directory '/home/nishanth/TurtleStuff/turtle_drive/build_isolated/qtros/CMakeFiles/CMakeTmp'
Building CXX object CMakeFiles/cmTC_57f25.dir/CheckSymbolExists.cxx.o
/usr/bin/c++    -I/usr/include/qt4   -o CMakeFiles/cmTC_57f25.dir/CheckSymbolExists.cxx.o -c /home/nishanth/TurtleStuff/turtle_drive/build_isolated/qtros/CMakeFiles/CMakeTmp/CheckSymbolExists.cxx
/home/nishanth/TurtleStuff/turtle_drive/build_isolated/qtros/CMakeFiles/CMakeTmp/CheckSymbolExists.cxx: In function ‘int main(int, char**)’:
/home/nishanth/TurtleStuff/turtle_drive/build_isolated/qtros/CMakeFiles/CMakeTmp/CheckSymbolExists.cxx:8:19: error: ‘Q_WS_MAC’ was not declared in this scope
   return ((int*)(&Q_WS_MAC))[argc];
                   ^
CMakeFiles/cmTC_57f25.dir/build.make:65: recipe for target 'CMakeFiles/cmTC_57f25.dir/CheckSymbolExists.cxx.o' failed
make[1]: *** [CMakeFiles/cmTC_57f25.dir/CheckSymbolExists.cxx.o] Error 1
make[1]: Leaving directory '/home/nishanth/TurtleStuff/turtle_drive/build_isolated/qtros/CMakeFiles/CMakeTmp'
Makefile:126: recipe for target 'cmTC_57f25/fast' failed
make: *** [cmTC_57f25/fast] Error 2

File /home/nishanth/TurtleStuff/turtle_drive/build_isolated/qtros/CMakeFiles/CMakeTmp/CheckSymbolExists.cxx:
/* */
#include <QtCore/qglobal.h>

int main(int argc, char** argv)
{
  (void)argv;
#ifndef Q_WS_MAC
  return ((int*)(&Q_WS_MAC))[argc];
#else
  (void)argc;
  return 0;
#endif
}

