Determining if the pthread_create exist failed with the following output:
Change Dir: /home/sena/turtle_drive/build/hector_geotiff/CMakeFiles/CMakeTmp

Run Build Command:"/usr/bin/make" "cmTC_9e13f/fast"
/usr/bin/make -f CMakeFiles/cmTC_9e13f.dir/build.make CMakeFiles/cmTC_9e13f.dir/build
make[1]: Entering directory '/home/sena/turtle_drive/build/hector_geotiff/CMakeFiles/CMakeTmp'
Building C object CMakeFiles/cmTC_9e13f.dir/CheckSymbolExists.c.o
/usr/bin/cc     -o CMakeFiles/cmTC_9e13f.dir/CheckSymbolExists.c.o   -c /home/sena/turtle_drive/build/hector_geotiff/CMakeFiles/CMakeTmp/CheckSymbolExists.c
Linking C executable cmTC_9e13f
/usr/bin/cmake -E cmake_link_script CMakeFiles/cmTC_9e13f.dir/link.txt --verbose=1
/usr/bin/cc       CMakeFiles/cmTC_9e13f.dir/CheckSymbolExists.c.o  -o cmTC_9e13f -rdynamic 
CMakeFiles/cmTC_9e13f.dir/CheckSymbolExists.c.o: In function `main':
CheckSymbolExists.c:(.text+0x16): undefined reference to `pthread_create'
collect2: error: ld returned 1 exit status
CMakeFiles/cmTC_9e13f.dir/build.make:97: recipe for target 'cmTC_9e13f' failed
make[1]: *** [cmTC_9e13f] Error 1
make[1]: Leaving directory '/home/sena/turtle_drive/build/hector_geotiff/CMakeFiles/CMakeTmp'
Makefile:126: recipe for target 'cmTC_9e13f/fast' failed
make: *** [cmTC_9e13f/fast] Error 2

File /home/sena/turtle_drive/build/hector_geotiff/CMakeFiles/CMakeTmp/CheckSymbolExists.c:
/* */
#include <pthread.h>

int main(int argc, char** argv)
{
  (void)argv;
#ifndef pthread_create
  return ((int*)(&pthread_create))[argc];
#else
  (void)argc;
  return 0;
#endif
}

Determining if the function pthread_create exists in the pthreads failed with the following output:
Change Dir: /home/sena/turtle_drive/build/hector_geotiff/CMakeFiles/CMakeTmp

Run Build Command:"/usr/bin/make" "cmTC_c7b24/fast"
/usr/bin/make -f CMakeFiles/cmTC_c7b24.dir/build.make CMakeFiles/cmTC_c7b24.dir/build
make[1]: Entering directory '/home/sena/turtle_drive/build/hector_geotiff/CMakeFiles/CMakeTmp'
Building C object CMakeFiles/cmTC_c7b24.dir/CheckFunctionExists.c.o
/usr/bin/cc    -DCHECK_FUNCTION_EXISTS=pthread_create   -o CMakeFiles/cmTC_c7b24.dir/CheckFunctionExists.c.o   -c /usr/share/cmake-3.5/Modules/CheckFunctionExists.c
Linking C executable cmTC_c7b24
/usr/bin/cmake -E cmake_link_script CMakeFiles/cmTC_c7b24.dir/link.txt --verbose=1
/usr/bin/cc   -DCHECK_FUNCTION_EXISTS=pthread_create    CMakeFiles/cmTC_c7b24.dir/CheckFunctionExists.c.o  -o cmTC_c7b24 -rdynamic -lpthreads 
/usr/bin/ld: cannot find -lpthreads
collect2: error: ld returned 1 exit status
CMakeFiles/cmTC_c7b24.dir/build.make:97: recipe for target 'cmTC_c7b24' failed
make[1]: *** [cmTC_c7b24] Error 1
make[1]: Leaving directory '/home/sena/turtle_drive/build/hector_geotiff/CMakeFiles/CMakeTmp'
Makefile:126: recipe for target 'cmTC_c7b24/fast' failed
make: *** [cmTC_c7b24/fast] Error 2


Determining if the Q_WS_WIN exist failed with the following output:
Change Dir: /home/sena/turtle_drive/build/hector_geotiff/CMakeFiles/CMakeTmp

Run Build Command:"/usr/bin/make" "cmTC_2e229/fast"
/usr/bin/make -f CMakeFiles/cmTC_2e229.dir/build.make CMakeFiles/cmTC_2e229.dir/build
make[1]: Entering directory '/home/sena/turtle_drive/build/hector_geotiff/CMakeFiles/CMakeTmp'
Building CXX object CMakeFiles/cmTC_2e229.dir/CheckSymbolExists.cxx.o
/usr/bin/c++    -I/usr/include/qt4   -o CMakeFiles/cmTC_2e229.dir/CheckSymbolExists.cxx.o -c /home/sena/turtle_drive/build/hector_geotiff/CMakeFiles/CMakeTmp/CheckSymbolExists.cxx
/home/sena/turtle_drive/build/hector_geotiff/CMakeFiles/CMakeTmp/CheckSymbolExists.cxx: In function ‘int main(int, char**)’:
/home/sena/turtle_drive/build/hector_geotiff/CMakeFiles/CMakeTmp/CheckSymbolExists.cxx:8:19: error: ‘Q_WS_WIN’ was not declared in this scope
   return ((int*)(&Q_WS_WIN))[argc];
                   ^
CMakeFiles/cmTC_2e229.dir/build.make:65: recipe for target 'CMakeFiles/cmTC_2e229.dir/CheckSymbolExists.cxx.o' failed
make[1]: *** [CMakeFiles/cmTC_2e229.dir/CheckSymbolExists.cxx.o] Error 1
make[1]: Leaving directory '/home/sena/turtle_drive/build/hector_geotiff/CMakeFiles/CMakeTmp'
Makefile:126: recipe for target 'cmTC_2e229/fast' failed
make: *** [cmTC_2e229/fast] Error 2

File /home/sena/turtle_drive/build/hector_geotiff/CMakeFiles/CMakeTmp/CheckSymbolExists.cxx:
/* */
#include <QtCore/qglobal.h>

int main(int argc, char** argv)
{
  (void)argv;
#ifndef Q_WS_WIN
  return ((int*)(&Q_WS_WIN))[argc];
#else
  (void)argc;
  return 0;
#endif
}

Determining if the Q_WS_QWS exist failed with the following output:
Change Dir: /home/sena/turtle_drive/build/hector_geotiff/CMakeFiles/CMakeTmp

Run Build Command:"/usr/bin/make" "cmTC_2e869/fast"
/usr/bin/make -f CMakeFiles/cmTC_2e869.dir/build.make CMakeFiles/cmTC_2e869.dir/build
make[1]: Entering directory '/home/sena/turtle_drive/build/hector_geotiff/CMakeFiles/CMakeTmp'
Building CXX object CMakeFiles/cmTC_2e869.dir/CheckSymbolExists.cxx.o
/usr/bin/c++    -I/usr/include/qt4   -o CMakeFiles/cmTC_2e869.dir/CheckSymbolExists.cxx.o -c /home/sena/turtle_drive/build/hector_geotiff/CMakeFiles/CMakeTmp/CheckSymbolExists.cxx
/home/sena/turtle_drive/build/hector_geotiff/CMakeFiles/CMakeTmp/CheckSymbolExists.cxx: In function ‘int main(int, char**)’:
/home/sena/turtle_drive/build/hector_geotiff/CMakeFiles/CMakeTmp/CheckSymbolExists.cxx:8:19: error: ‘Q_WS_QWS’ was not declared in this scope
   return ((int*)(&Q_WS_QWS))[argc];
                   ^
CMakeFiles/cmTC_2e869.dir/build.make:65: recipe for target 'CMakeFiles/cmTC_2e869.dir/CheckSymbolExists.cxx.o' failed
make[1]: *** [CMakeFiles/cmTC_2e869.dir/CheckSymbolExists.cxx.o] Error 1
make[1]: Leaving directory '/home/sena/turtle_drive/build/hector_geotiff/CMakeFiles/CMakeTmp'
Makefile:126: recipe for target 'cmTC_2e869/fast' failed
make: *** [cmTC_2e869/fast] Error 2

File /home/sena/turtle_drive/build/hector_geotiff/CMakeFiles/CMakeTmp/CheckSymbolExists.cxx:
/* */
#include <QtCore/qglobal.h>

int main(int argc, char** argv)
{
  (void)argv;
#ifndef Q_WS_QWS
  return ((int*)(&Q_WS_QWS))[argc];
#else
  (void)argc;
  return 0;
#endif
}

Determining if the Q_WS_MAC exist failed with the following output:
Change Dir: /home/sena/turtle_drive/build/hector_geotiff/CMakeFiles/CMakeTmp

Run Build Command:"/usr/bin/make" "cmTC_39da6/fast"
/usr/bin/make -f CMakeFiles/cmTC_39da6.dir/build.make CMakeFiles/cmTC_39da6.dir/build
make[1]: Entering directory '/home/sena/turtle_drive/build/hector_geotiff/CMakeFiles/CMakeTmp'
Building CXX object CMakeFiles/cmTC_39da6.dir/CheckSymbolExists.cxx.o
/usr/bin/c++    -I/usr/include/qt4   -o CMakeFiles/cmTC_39da6.dir/CheckSymbolExists.cxx.o -c /home/sena/turtle_drive/build/hector_geotiff/CMakeFiles/CMakeTmp/CheckSymbolExists.cxx
/home/sena/turtle_drive/build/hector_geotiff/CMakeFiles/CMakeTmp/CheckSymbolExists.cxx: In function ‘int main(int, char**)’:
/home/sena/turtle_drive/build/hector_geotiff/CMakeFiles/CMakeTmp/CheckSymbolExists.cxx:8:19: error: ‘Q_WS_MAC’ was not declared in this scope
   return ((int*)(&Q_WS_MAC))[argc];
                   ^
CMakeFiles/cmTC_39da6.dir/build.make:65: recipe for target 'CMakeFiles/cmTC_39da6.dir/CheckSymbolExists.cxx.o' failed
make[1]: *** [CMakeFiles/cmTC_39da6.dir/CheckSymbolExists.cxx.o] Error 1
make[1]: Leaving directory '/home/sena/turtle_drive/build/hector_geotiff/CMakeFiles/CMakeTmp'
Makefile:126: recipe for target 'cmTC_39da6/fast' failed
make: *** [cmTC_39da6/fast] Error 2

File /home/sena/turtle_drive/build/hector_geotiff/CMakeFiles/CMakeTmp/CheckSymbolExists.cxx:
/* */
#include <QtCore/qglobal.h>

int main(int argc, char** argv)
{
  (void)argv;
#ifndef Q_WS_MAC
  return ((int*)(&Q_WS_MAC))[argc];
#else
  (void)argc;
  return 0;
#endif
}

