Determining if the pthread_create exist failed with the following output:
Change Dir: /home/trex/turtle_drive/build/timestamp_tools/CMakeFiles/CMakeTmp

<<<<<<< HEAD
Run Build Command:"/usr/bin/make" "cmTC_692ef/fast"
/usr/bin/make -f CMakeFiles/cmTC_692ef.dir/build.make CMakeFiles/cmTC_692ef.dir/build
make[1]: Entering directory '/home/sena/turtle_drive/build/timestamp_tools/CMakeFiles/CMakeTmp'
Building C object CMakeFiles/cmTC_692ef.dir/CheckSymbolExists.c.o
/usr/bin/cc     -o CMakeFiles/cmTC_692ef.dir/CheckSymbolExists.c.o   -c /home/sena/turtle_drive/build/timestamp_tools/CMakeFiles/CMakeTmp/CheckSymbolExists.c
Linking C executable cmTC_692ef
/usr/bin/cmake -E cmake_link_script CMakeFiles/cmTC_692ef.dir/link.txt --verbose=1
/usr/bin/cc       CMakeFiles/cmTC_692ef.dir/CheckSymbolExists.c.o  -o cmTC_692ef -rdynamic 
CMakeFiles/cmTC_692ef.dir/CheckSymbolExists.c.o: In function `main':
CheckSymbolExists.c:(.text+0x16): undefined reference to `pthread_create'
collect2: error: ld returned 1 exit status
CMakeFiles/cmTC_692ef.dir/build.make:97: recipe for target 'cmTC_692ef' failed
make[1]: *** [cmTC_692ef] Error 1
make[1]: Leaving directory '/home/sena/turtle_drive/build/timestamp_tools/CMakeFiles/CMakeTmp'
Makefile:126: recipe for target 'cmTC_692ef/fast' failed
make: *** [cmTC_692ef/fast] Error 2
=======
Run Build Command:"/usr/bin/make" "cmTC_9d276/fast"
/usr/bin/make -f CMakeFiles/cmTC_9d276.dir/build.make CMakeFiles/cmTC_9d276.dir/build
make[1]: Entering directory '/home/trex/turtle_drive/build/timestamp_tools/CMakeFiles/CMakeTmp'
Building C object CMakeFiles/cmTC_9d276.dir/CheckSymbolExists.c.o
/usr/bin/cc     -o CMakeFiles/cmTC_9d276.dir/CheckSymbolExists.c.o   -c /home/trex/turtle_drive/build/timestamp_tools/CMakeFiles/CMakeTmp/CheckSymbolExists.c
Linking C executable cmTC_9d276
/usr/bin/cmake -E cmake_link_script CMakeFiles/cmTC_9d276.dir/link.txt --verbose=1
/usr/bin/cc       CMakeFiles/cmTC_9d276.dir/CheckSymbolExists.c.o  -o cmTC_9d276 -rdynamic 
CMakeFiles/cmTC_9d276.dir/CheckSymbolExists.c.o: In function `main':
CheckSymbolExists.c:(.text+0xa): undefined reference to `pthread_create'
collect2: error: ld returned 1 exit status
CMakeFiles/cmTC_9d276.dir/build.make:97: recipe for target 'cmTC_9d276' failed
make[1]: *** [cmTC_9d276] Error 1
make[1]: Leaving directory '/home/trex/turtle_drive/build/timestamp_tools/CMakeFiles/CMakeTmp'
Makefile:126: recipe for target 'cmTC_9d276/fast' failed
make: *** [cmTC_9d276/fast] Error 2
>>>>>>> e9cd62af21de1d7449f0732f6f4acbdc818f742b

File /home/trex/turtle_drive/build/timestamp_tools/CMakeFiles/CMakeTmp/CheckSymbolExists.c:
/* */
#include <pthread.h>

int main(int argc, char** argv)
{
  (void)argv;
#ifndef pthread_create
  return ((int*)(&pthread_create))[argc];
#else
  (void)argc;
  return 0;
#endif
}

Determining if the function pthread_create exists in the pthreads failed with the following output:
Change Dir: /home/trex/turtle_drive/build/timestamp_tools/CMakeFiles/CMakeTmp

<<<<<<< HEAD
Run Build Command:"/usr/bin/make" "cmTC_27a82/fast"
/usr/bin/make -f CMakeFiles/cmTC_27a82.dir/build.make CMakeFiles/cmTC_27a82.dir/build
make[1]: Entering directory '/home/sena/turtle_drive/build/timestamp_tools/CMakeFiles/CMakeTmp'
Building C object CMakeFiles/cmTC_27a82.dir/CheckFunctionExists.c.o
/usr/bin/cc    -DCHECK_FUNCTION_EXISTS=pthread_create   -o CMakeFiles/cmTC_27a82.dir/CheckFunctionExists.c.o   -c /usr/share/cmake-3.5/Modules/CheckFunctionExists.c
Linking C executable cmTC_27a82
/usr/bin/cmake -E cmake_link_script CMakeFiles/cmTC_27a82.dir/link.txt --verbose=1
/usr/bin/cc   -DCHECK_FUNCTION_EXISTS=pthread_create    CMakeFiles/cmTC_27a82.dir/CheckFunctionExists.c.o  -o cmTC_27a82 -rdynamic -lpthreads 
/usr/bin/ld: cannot find -lpthreads
collect2: error: ld returned 1 exit status
CMakeFiles/cmTC_27a82.dir/build.make:97: recipe for target 'cmTC_27a82' failed
make[1]: *** [cmTC_27a82] Error 1
make[1]: Leaving directory '/home/sena/turtle_drive/build/timestamp_tools/CMakeFiles/CMakeTmp'
Makefile:126: recipe for target 'cmTC_27a82/fast' failed
make: *** [cmTC_27a82/fast] Error 2
=======
Run Build Command:"/usr/bin/make" "cmTC_110a6/fast"
/usr/bin/make -f CMakeFiles/cmTC_110a6.dir/build.make CMakeFiles/cmTC_110a6.dir/build
make[1]: Entering directory '/home/trex/turtle_drive/build/timestamp_tools/CMakeFiles/CMakeTmp'
Building C object CMakeFiles/cmTC_110a6.dir/CheckFunctionExists.c.o
/usr/bin/cc    -DCHECK_FUNCTION_EXISTS=pthread_create   -o CMakeFiles/cmTC_110a6.dir/CheckFunctionExists.c.o   -c /usr/share/cmake-3.5/Modules/CheckFunctionExists.c
Linking C executable cmTC_110a6
/usr/bin/cmake -E cmake_link_script CMakeFiles/cmTC_110a6.dir/link.txt --verbose=1
/usr/bin/cc   -DCHECK_FUNCTION_EXISTS=pthread_create    CMakeFiles/cmTC_110a6.dir/CheckFunctionExists.c.o  -o cmTC_110a6 -rdynamic -lpthreads 
/usr/bin/ld: cannot find -lpthreads
collect2: error: ld returned 1 exit status
CMakeFiles/cmTC_110a6.dir/build.make:97: recipe for target 'cmTC_110a6' failed
make[1]: *** [cmTC_110a6] Error 1
make[1]: Leaving directory '/home/trex/turtle_drive/build/timestamp_tools/CMakeFiles/CMakeTmp'
Makefile:126: recipe for target 'cmTC_110a6/fast' failed
make: *** [cmTC_110a6/fast] Error 2
>>>>>>> e9cd62af21de1d7449f0732f6f4acbdc818f742b


